goroutine 17198 [select]:
net/http/httputil.(*ReverseProxy).ServeHTTP.func1(0xc420bd00e0, 0xc42554c000, 0x81ca80, 0xc420660200)
        /usr/lib/go/src/net/http/httputil/reverseproxy.go:154 +0xde
created by net/http/httputil.(*ReverseProxy).ServeHTTP
        /usr/lib/go/src/net/http/httputil/reverseproxy.go:153 +0xd39

goroutine 17184 [runnable]:
net/http.(*connReader).backgroundRead(0xc42014e660)
        /usr/lib/go/src/net/http/server.go:667
created by net/http.(*connReader).startBackgroundRead
        /usr/lib/go/src/net/http/server.go:664 +0xce

goroutine 17575 [chan receive]:
net/http.(*persistConn).readLoop.func4(0x819220, 0xc420010050, 0xc4216a8240, 0xc420010050)
        /usr/lib/go/src/net/http/transport.go:1689 +0xe4
net/http.(*bodyEOFSignal).condfn(0xc420075d00, 0x819220, 0xc420010050, 0x8000, 0x12)
        /usr/lib/go/src/net/http/transport.go:2218 +0x50
net/http.(*bodyEOFSignal).Read(0xc420075d00, 0xc42106c000, 0x8000, 0x8000, 0x12,0x819220, 0xc420010050)
        /usr/lib/go/src/net/http/transport.go:2194 +0x181
net/http/httputil.(*ReverseProxy).copyBuffer(0xc422d65ac0, 0x7fbe34f13000, 0xc422d65a80, 0x8195a0, 0xc420075d00, 0xc42106c000, 0x8000, 0x8000, 0xc8, 0xc420069620, ...)
        /usr/lib/go/src/net/http/httputil/reverseproxy.go:295 +0xa7
net/http/httputil.(*ReverseProxy).copyResponse(0xc422d65ac0, 0x7fbe34f13000, 0xc422d65a80, 0x8195a0, 0xc420075d00)
        /usr/lib/go/src/net/http/httputil/reverseproxy.go:283 +0xb9
net/http/httputil.(*ReverseProxy).ServeHTTP(0xc422d65ac0, 0x81c400, 0xc422d65a80, 0xc424fb9c00)
        /usr/lib/go/src/net/http/httputil/reverseproxy.go:237 +0x6f3
main.main.func1(0x81c400, 0xc422d65a80, 0xc424fb9c00)
        /home/m/Dropbox/projects/scarecrow/main.go:67 +0xf2
net/http.HandlerFunc.ServeHTTP(0xc4201520c0, 0x81c400, 0xc422d65a80, 0xc424fb9c00)
        /usr/lib/go/src/net/http/server.go:1947 +0x44
github.com/go-chi/chi.(*Mux).routeHTTP(0xc42014c0c0, 0x81c400, 0xc422d65a80, 0xc424fb9c00)
        /home/m/.go/src/github.com/go-chi/chi/mux.go:424 +0x289
github.com/go-chi/chi.(*Mux).(github.com/go-chi/chi.routeHTTP)-fm(0x81c400, 0xc422d65a80, 0xc424fb9c00)
        /home/m/.go/src/github.com/go-chi/chi/mux.go:368 +0x48
net/http.HandlerFunc.ServeHTTP(0xc4201520d0, 0x81c400, 0xc422d65a80, 0xc424fb9c00)
        /usr/lib/go/src/net/http/server.go:1947 +0x44
main.RateCouterMiddleware.func1(0x81c400, 0xc422d65a80, 0xc424fb9c00)
        /home/m/Dropbox/projects/scarecrow/main.go:25 +0x51
net/http.HandlerFunc.ServeHTTP(0xc4201720c0, 0x81c400, 0xc422d65a80, 0xc424fb9c00)
        /usr/lib/go/src/net/http/server.go:1947 +0x44
github.com/go-chi/chi/middleware.Timeout.func1.1(0x81c400, 0xc422d65a80, 0xc424fb9b00)
        /home/m/.go/src/github.com/go-chi/chi/middleware/timeout.go:44 +0xfe
net/http.HandlerFunc.ServeHTTP(0xc4201720e0, 0x81c400, 0xc422d65a80, 0xc424fb9b00)
        /usr/lib/go/src/net/http/server.go:1947 +0x44
github.com/go-chi/chi/middleware.Compress.func1.1(0x7fbe35018050, 0xc422d65a40, 0xc424fb9b00)
        /home/m/.go/src/github.com/go-chi/chi/middleware/compress.go:66 +0x155
net/http.HandlerFunc.ServeHTTP(0xc42014e210, 0x7fbe35018050, 0xc422d65a40, 0xc424fb9b00)
        /usr/lib/go/src/net/http/server.go:1947 +0x44
github.com/go-chi/chi/middleware.Heartbeat.func1.1(0x7fbe35018050, 0xc422d65a40,0xc424fb9b00)
        /home/m/.go/src/github.com/go-chi/chi/middleware/heartbeat.go:21 +0x7c
net/http.HandlerFunc.ServeHTTP(0xc42014e240, 0x7fbe35018050, 0xc422d65a40, 0xc424fb9b00)
        /usr/lib/go/src/net/http/server.go:1947 +0x44
github.com/go-chi/chi/middleware.Recoverer.func1(0x7fbe35018050, 0xc422d65a40, 0xc424fb9b00)
        /home/m/.go/src/github.com/go-chi/chi/middleware/recoverer.go:35 +0x9f
net/http.HandlerFunc.ServeHTTP(0xc420172100, 0x7fbe35018050, 0xc422d65a40, 0xc424fb9b00)
        /usr/lib/go/src/net/http/server.go:1947 +0x44
github.com/go-chi/chi/middleware.RequestLogger.func1.1(0x81c700, 0xc423c161c0, 0xc424fb9a00)
        /home/m/.go/src/github.com/go-chi/chi/middleware/logger.go:46 +0x1b6
net/http.HandlerFunc.ServeHTTP(0xc42014e270, 0x81c700, 0xc423c161c0, 0xc424fb9a00)
        /usr/lib/go/src/net/http/server.go:1947 +0x44
github.com/go-chi/chi.(*Mux).ServeHTTP(0xc42014c0c0, 0x81c700, 0xc423c161c0, 0xc424fb9800)
        /home/m/.go/src/github.com/go-chi/chi/mux.go:81 +0x221
net/http.serverHandler.ServeHTTP(0xc42016e270, 0x81c700, 0xc423c161c0, 0xc424fb9800)
        /usr/lib/go/src/net/http/server.go:2694 +0xbc
net/http.(*conn).serve(0xc4241e6c80, 0x81ca80, 0xc422d65940)
        /usr/lib/go/src/net/http/server.go:1830 +0x651
created by net/http.(*Server).Serve
        /usr/lib/go/src/net/http/server.go:2795 +0x27b

goroutine 17702 [chan receive]:
net.(*netFD).connect.func1(0xc4247daa80, 0xc4247dab40, 0xc420207a78, 0xc423bbc580)
        /usr/lib/go/src/net/fd_unix.go:117 +0x4f
net.(*netFD).connect(0xc423bbc580, 0x81ca80, 0xc422d64440, 0x0, 0x0, 0x819960, 0xc4235d6040, 0x819960, 0xc424fb6000, 0x0, ...)
        /usr/lib/go/src/net/fd_unix.go:173 +0x45a
net.(*netFD).dial(0xc423bbc580, 0x81ca80, 0xc422d64440, 0x81dce0, 0x0, 0x81dce0,0xc42068a5d0, 0xc420207b60, 0x58c62e)
        /usr/lib/go/src/net/sock_posix.go:142 +0xe9
net.socket(0x81ca80, 0xc422d64440, 0x7d0b3e, 0x3, 0xa, 0x1, 0x0, 0x0, 0x81dce0, 0x0, ...)
        /usr/lib/go/src/net/sock_posix.go:93 +0x1a6
net.internetSocket(0x81ca80, 0xc422d64440, 0x7d0b3e, 0x3, 0x81dce0, 0x0, 0x81dce0, 0xc42068a5d0, 0x1, 0x0, ...)
        /usr/lib/go/src/net/ipsock_posix.go:141 +0x129
net.doDialTCP(0x81ca80, 0xc422d64440, 0x7d0b3e, 0x3, 0x0, 0xc42068a5d0, 0xa002a0, 0x0, 0x0)
        /usr/lib/go/src/net/tcpsock_posix.go:62 +0xb9
net.dialTCP(0x81ca80, 0xc422d64440, 0x7d0b3e, 0x3, 0x0, 0xc42068a5d0, 0x7a84e0b3a, 0x9e2b40, 0x6fc0bad34)
        /usr/lib/go/src/net/tcpsock_posix.go:58 +0xe4
net.dialSingle(0x81ca80, 0xc422d64440, 0xc420162f80, 0x81ada0, 0xc42068a5d0, 0x0, 0x0, 0x0, 0x0)
        /usr/lib/go/src/net/dial.go:547 +0x375
net.dialSerial(0x81ca80, 0xc422d64440, 0xc420162f80, 0xc424dde5d0, 0x1, 0x1, 0x0, 0x0, 0x0, 0x0)
        /usr/lib/go/src/net/dial.go:515 +0x22d
net.dialParallel.func1(0x81ca80, 0xc422d64440, 0xc424dde601)
        /usr/lib/go/src/net/dial.go:436 +0x98
created by net.dialParallel
        /usr/lib/go/src/net/dial.go:451 +0x236

goroutine 17651 [chan receive]:
net/http.(*Transport).getConn.func2.1(0xc424fcf5c0, 0x9da5e0, 0x7ed430)
        /usr/lib/go/src/net/http/transport.go:946 +0x46
created by net/http.(*Transport).getConn.func2
        /usr/lib/go/src/net/http/transport.go:945 +0x7a

goroutine 17158 [runnable]:
net.(*conn).Read(0xc4210760f8, 0xc42037a6a1, 0x1, 0x1, 0x0, 0x0, 0x0)
        /usr/lib/go/src/net/net.go:178 +0xb1
net/http.(*connReader).backgroundRead(0xc42037a690)
        /usr/lib/go/src/net/http/server.go:668 +0x5a
created by net/http.(*connReader).startBackgroundRead
        /usr/lib/go/src/net/http/server.go:664 +0xce

goroutine 17546 [IO wait]:
internal/poll.runtime_pollWait(0x7fbe35017060, 0x72, 0xc42118e658)
        /usr/lib/go/src/runtime/netpoll.go:173 +0x57
internal/poll.(*pollDesc).wait(0xc4206a5398, 0x72, 0xffffffffffffff00, 0x81a300,0x9a5690)
        /usr/lib/go/src/internal/poll/fd_poll_runtime.go:85 +0x9b
internal/poll.(*pollDesc).waitRead(0xc4206a5398, 0xc4235cbd00, 0x1, 0x1)
        /usr/lib/go/src/internal/poll/fd_poll_runtime.go:90 +0x3d
internal/poll.(*FD).Read(0xc4206a5380, 0xc4235cbd51, 0x1, 0x1, 0x0, 0x0, 0x0)
        /usr/lib/go/src/internal/poll/fd_unix.go:157 +0x17d
net.(*netFD).Read(0xc4206a5380, 0xc4235cbd51, 0x1, 0x1, 0xc42118e7ac, 0xc42118e7a8, 0x0)
        /usr/lib/go/src/net/fd_unix.go:202 +0x4f
net.(*conn).Read(0xc424fb4038, 0xc4235cbd51, 0x1, 0x1, 0x0, 0x0, 0x0)
        /usr/lib/go/src/net/net.go:176 +0x6a
net/http.(*connReader).backgroundRead(0xc4235cbd40)
        /usr/lib/go/src/net/http/server.go:668 +0x5a
created by net/http.(*connReader).startBackgroundRead
        /usr/lib/go/src/net/http/server.go:664 +0xce

goroutine 17545 [select]:
net/http.(*persistConn).roundTrip(0xc42291e6c0, 0xc420aa3770, 0x0, 0x0, 0x0)
        /usr/lib/go/src/net/http/transport.go:2033 +0x5a7
net/http.(*Transport).RoundTrip(0x9da5e0, 0xc4206b4e00, 0xf, 0xc42001ac00, 0x9)
        /usr/lib/go/src/net/http/transport.go:422 +0x8f2
net/http/httputil.(*ReverseProxy).ServeHTTP(0xc4202b0880, 0x81c400, 0xc420699ac0, 0xc4216b9b00)
        /usr/lib/go/src/net/http/httputil/reverseproxy.go:193 +0x2b5
main.main.func1(0x81c400, 0xc420699ac0, 0xc4216b9b00)
        /home/m/Dropbox/projects/scarecrow/main.go:67 +0xf2
net/http.HandlerFunc.ServeHTTP(0xc4201520c0, 0x81c400, 0xc420699ac0, 0xc4216b9b00)
        /usr/lib/go/src/net/http/server.go:1947 +0x44
github.com/go-chi/chi.(*Mux).routeHTTP(0xc42014c0c0, 0x81c400, 0xc420699ac0, 0xc4216b9b00)
        /home/m/.go/src/github.com/go-chi/chi/mux.go:424 +0x289
github.com/go-chi/chi.(*Mux).(github.com/go-chi/chi.routeHTTP)-fm(0x81c400, 0xc420699ac0, 0xc4216b9b00)
        /home/m/.go/src/github.com/go-chi/chi/mux.go:368 +0x48
net/http.HandlerFunc.ServeHTTP(0xc4201520d0, 0x81c400, 0xc420699ac0, 0xc4216b9b00)
        /usr/lib/go/src/net/http/server.go:1947 +0x44
main.RateCouterMiddleware.func1(0x81c400, 0xc420699ac0, 0xc4216b9b00)
        /home/m/Dropbox/projects/scarecrow/main.go:25 +0x51
net/http.HandlerFunc.ServeHTTP(0xc4201720c0, 0x81c400, 0xc420699ac0, 0xc4216b9b00)
        /usr/lib/go/src/net/http/server.go:1947 +0x44
github.com/go-chi/chi/middleware.Timeout.func1.1(0x81c400, 0xc420699ac0, 0xc4216b9a00)
        /home/m/.go/src/github.com/go-chi/chi/middleware/timeout.go:44 +0xfe
net/http.HandlerFunc.ServeHTTP(0xc4201720e0, 0x81c400, 0xc420699ac0, 0xc4216b9a00)
        /usr/lib/go/src/net/http/server.go:1947 +0x44
github.com/go-chi/chi/middleware.Compress.func1.1(0x7fbe35018050, 0xc420699a80, 0xc4216b9a00)
        /home/m/.go/src/github.com/go-chi/chi/middleware/compress.go:66 +0x155
net/http.HandlerFunc.ServeHTTP(0xc42014e210, 0x7fbe35018050, 0xc420699a80, 0xc4216b9a00)
        /usr/lib/go/src/net/http/server.go:1947 +0x44
github.com/go-chi/chi/middleware.Heartbeat.func1.1(0x7fbe35018050, 0xc420699a80,0xc4216b9a00)
        /home/m/.go/src/github.com/go-chi/chi/middleware/heartbeat.go:21 +0x7c
net/http.HandlerFunc.ServeHTTP(0xc42014e240, 0x7fbe35018050, 0xc420699a80, 0xc4216b9a00)
        /usr/lib/go/src/net/http/server.go:1947 +0x44
github.com/go-chi/chi/middleware.Recoverer.func1(0x7fbe35018050, 0xc420699a80, 0xc4216b9a00)
        /home/m/.go/src/github.com/go-chi/chi/middleware/recoverer.go:35 +0x9f
net/http.HandlerFunc.ServeHTTP(0xc420172100, 0x7fbe35018050, 0xc420699a80, 0xc4216b9a00)
        /usr/lib/go/src/net/http/server.go:1947 +0x44
github.com/go-chi/chi/middleware.RequestLogger.func1.1(0x81c700, 0xc4216aa540, 0xc4216b9900)
        /home/m/.go/src/github.com/go-chi/chi/middleware/logger.go:46 +0x1b6
net/http.HandlerFunc.ServeHTTP(0xc42014e270, 0x81c700, 0xc4216aa540, 0xc4216b9900)
        /usr/lib/go/src/net/http/server.go:1947 +0x44
github.com/go-chi/chi.(*Mux).ServeHTTP(0xc42014c0c0, 0x81c700, 0xc4216aa540, 0xc4216b9800)
        /home/m/.go/src/github.com/go-chi/chi/mux.go:81 +0x221
net/http.serverHandler.ServeHTTP(0xc42016e270, 0x81c700, 0xc4216aa540, 0xc4216b9800)
        /usr/lib/go/src/net/http/server.go:2694 +0xbc
net/http.(*conn).serve(0xc422b8ebe0, 0x81ca80, 0xc420699980)
        /usr/lib/go/src/net/http/server.go:1830 +0x651
created by net/http.(*Server).Serve
        /usr/lib/go/src/net/http/server.go:2795 +0x27b

goroutine 17594 [semacquire]:
sync.runtime_SemacquireMutex(0x9da5e4, 0x0)
        /usr/lib/go/src/runtime/sema.go:71 +0x3d
sync.(*Mutex).Lock(0x9da5e0)
        /usr/lib/go/src/sync/mutex.go:134 +0x108
net/http.(*Transport).getIdleConn(0x9da5e0, 0x0, 0x7d0f7c, 0x4, 0xc4203560a0, 0xe, 0x0, 0x0, 0x0, 0x0)
        /usr/lib/go/src/net/http/transport.go:791 +0x96
net/http.(*Transport).getConn(0x9da5e0, 0xc4200978c0, 0x0, 0x7d0f7c, 0x4, 0xc4203560a0, 0xe, 0x0, 0x0, 0x0)
        /usr/lib/go/src/net/http/transport.go:921 +0x11d
net/http.(*Transport).RoundTrip(0x9da5e0, 0xc424fb8900, 0xf, 0xc420356040, 0x9)
        /usr/lib/go/src/net/http/transport.go:409 +0x632
net/http/httputil.(*ReverseProxy).ServeHTTP(0xc420300300, 0x81c400, 0xc4203002c0, 0xc424fb8800)
        /usr/lib/go/src/net/http/httputil/reverseproxy.go:193 +0x2b5
main.main.func1(0x81c400, 0xc4203002c0, 0xc424fb8800)
        /home/m/Dropbox/projects/scarecrow/main.go:67 +0xf2
net/http.HandlerFunc.ServeHTTP(0xc4201520c0, 0x81c400, 0xc4203002c0, 0xc424fb8800)
        /usr/lib/go/src/net/http/server.go:1947 +0x44
github.com/go-chi/chi.(*Mux).routeHTTP(0xc42014c0c0, 0x81c400, 0xc4203002c0, 0xc424fb8800)
        /home/m/.go/src/github.com/go-chi/chi/mux.go:424 +0x289
github.com/go-chi/chi.(*Mux).(github.com/go-chi/chi.routeHTTP)-fm(0x81c400, 0xc4203002c0, 0xc424fb8800)
        /home/m/.go/src/github.com/go-chi/chi/mux.go:368 +0x48
net/http.HandlerFunc.ServeHTTP(0xc4201520d0, 0x81c400, 0xc4203002c0, 0xc424fb8800)
        /usr/lib/go/src/net/http/server.go:1947 +0x44
main.RateCouterMiddleware.func1(0x81c400, 0xc4203002c0, 0xc424fb8800)
        /home/m/Dropbox/projects/scarecrow/main.go:25 +0x51
net/http.HandlerFunc.ServeHTTP(0xc4201720c0, 0x81c400, 0xc4203002c0, 0xc424fb8800)
        /usr/lib/go/src/net/http/server.go:1947 +0x44
github.com/go-chi/chi/middleware.Timeout.func1.1(0x81c400, 0xc4203002c0, 0xc424fb8500)
        /home/m/.go/src/github.com/go-chi/chi/middleware/timeout.go:44 +0xfe
net/http.HandlerFunc.ServeHTTP(0xc4201720e0, 0x81c400, 0xc4203002c0, 0xc424fb8500)
        /usr/lib/go/src/net/http/server.go:1947 +0x44
github.com/go-chi/chi/middleware.Compress.func1.1(0x7fbe35018050, 0xc420300240, 0xc424fb8500)
        /home/m/.go/src/github.com/go-chi/chi/middleware/compress.go:66 +0x155
net/http.HandlerFunc.ServeHTTP(0xc42014e210, 0x7fbe35018050, 0xc420300240, 0xc424fb8500)
        /usr/lib/go/src/net/http/server.go:1947 +0x44
github.com/go-chi/chi/middleware.Heartbeat.func1.1(0x7fbe35018050, 0xc420300240,0xc424fb8500)
        /home/m/.go/src/github.com/go-chi/chi/middleware/heartbeat.go:21 +0x7c
net/http.HandlerFunc.ServeHTTP(0xc42014e240, 0x7fbe35018050, 0xc420300240, 0xc424fb8500)
        /usr/lib/go/src/net/http/server.go:1947 +0x44
github.com/go-chi/chi/middleware.Recoverer.func1(0x7fbe35018050, 0xc420300240, 0xc424fb8500)
        /home/m/.go/src/github.com/go-chi/chi/middleware/recoverer.go:35 +0x9f
net/http.HandlerFunc.ServeHTTP(0xc420172100, 0x7fbe35018050, 0xc420300240, 0xc424fb8500)
        /usr/lib/go/src/net/http/server.go:1947 +0x44
github.com/go-chi/chi/middleware.RequestLogger.func1.1(0x81c700, 0xc424e3a000, 0xc424fb8300)
        /home/m/.go/src/github.com/go-chi/chi/middleware/logger.go:46 +0x1b6
net/http.HandlerFunc.ServeHTTP(0xc42014e270, 0x81c700, 0xc424e3a000, 0xc424fb8300)
        /usr/lib/go/src/net/http/server.go:1947 +0x44
github.com/go-chi/chi.(*Mux).ServeHTTP(0xc42014c0c0, 0x81c700, 0xc424e3a000, 0xc424fb8100)
        /home/m/.go/src/github.com/go-chi/chi/mux.go:81 +0x221
net/http.serverHandler.ServeHTTP(0xc42016e270, 0x81c700, 0xc424e3a000, 0xc424fb8100)
        /usr/lib/go/src/net/http/server.go:2694 +0xbc
net/http.(*conn).serve(0xc4200a7680, 0x81ca80, 0xc420300080)
        /usr/lib/go/src/net/http/server.go:1830 +0x651
created by net/http.(*Server).Serve
        /usr/lib/go/src/net/http/server.go:2795 +0x27b

goroutine 17037 [IO wait]:
internal/poll.runtime_pollWait(0x7fbe350176e0, 0x72, 0xc4205c3e58)
        /usr/lib/go/src/runtime/netpoll.go:173 +0x57
internal/poll.(*pollDesc).wait(0xc422962518, 0x72, 0xffffffffffffff00, 0x81a300,0x9a5690)
        /usr/lib/go/src/internal/poll/fd_poll_runtime.go:85 +0x9b
internal/poll.(*pollDesc).waitRead(0xc422962518, 0xc4235ca100, 0x1, 0x1)
        /usr/lib/go/src/internal/poll/fd_poll_runtime.go:90 +0x3d
internal/poll.(*FD).Read(0xc422962500, 0xc4235ca131, 0x1, 0x1, 0x0, 0x0, 0x0)
        /usr/lib/go/src/internal/poll/fd_unix.go:157 +0x17d
net.(*netFD).Read(0xc422962500, 0xc4235ca131, 0x1, 0x1, 0xc4205c3fac, 0xc4205c3fa8, 0x0)
        /usr/lib/go/src/net/fd_unix.go:202 +0x4f
net.(*conn).Read(0xc421076090, 0xc4235ca131, 0x1, 0x1, 0x0, 0x0, 0x0)
        /usr/lib/go/src/net/net.go:176 +0x6a
net/http.(*connReader).backgroundRead(0xc4235ca120)
        /usr/lib/go/src/net/http/server.go:668 +0x5a
created by net/http.(*connReader).startBackgroundRead
        /usr/lib/go/src/net/http/server.go:664 +0xce

goroutine 17614 [select]:
net/http.(*persistConn).writeLoop(0xc4201707e0)
        /usr/lib/go/src/net/http/transport.go:1822 +0x14b
created by net/http.(*Transport).dialConn
        /usr/lib/go/src/net/http/transport.go:1238 +0x97f

goroutine 17537 [IO wait]:
internal/poll.runtime_pollWait(0x7fbe304c64e0, 0x72, 0xc42224e658)
        /usr/lib/go/src/runtime/netpoll.go:173 +0x57
internal/poll.(*pollDesc).wait(0xc420bc3218, 0x72, 0xffffffffffffff00, 0x81a300,0x9a5690)
        /usr/lib/go/src/internal/poll/fd_poll_runtime.go:85 +0x9b
internal/poll.(*pollDesc).waitRead(0xc420bc3218, 0xc42030e300, 0x1, 0x1)
        /usr/lib/go/src/internal/poll/fd_poll_runtime.go:90 +0x3d
internal/poll.(*FD).Read(0xc420bc3200, 0xc42030e3a1, 0x1, 0x1, 0x0, 0x0, 0x0)
        /usr/lib/go/src/internal/poll/fd_unix.go:157 +0x17d
net.(*netFD).Read(0xc420bc3200, 0xc42030e3a1, 0x1, 0x1, 0xc42224e7ac, 0xc42224e7a8, 0x0)
        /usr/lib/go/src/net/fd_unix.go:202 +0x4f
net.(*conn).Read(0xc420c920f0, 0xc42030e3a1, 0x1, 0x1, 0x0, 0x0, 0x0)
        /usr/lib/go/src/net/net.go:176 +0x6a
net/http.(*connReader).backgroundRead(0xc42030e390)
        /usr/lib/go/src/net/http/server.go:668 +0x5a
created by net/http.(*connReader).startBackgroundRead
        /usr/lib/go/src/net/http/server.go:664 +0xce

goroutine 17542 [semacquire]:
sync.runtime_notifyListWait(0xc420699b50, 0x0)
        /usr/lib/go/src/runtime/sema.go:510 +0x10b
sync.(*Cond).Wait(0xc420699b40)
        /usr/lib/go/src/sync/cond.go:56 +0x80
net/http.(*connReader).abortPendingRead(0xc4235cbf20)
        /usr/lib/go/src/net/http/server.go:698 +0xb6
net/http.(*response).finishRequest(0xc4216aa620)
        /usr/lib/go/src/net/http/server.go:1547 +0x98
net/http.(*conn).serve(0xc422b8ea00, 0x81ca80, 0xc420699b00)
        /usr/lib/go/src/net/http/server.go:1835 +0x691
created by net/http.(*Server).Serve
        /usr/lib/go/src/net/http/server.go:2795 +0x27b

goroutine 17688 [select]:
net/http/httputil.(*ReverseProxy).ServeHTTP.func1(0xc422606000, 0xc420010c60, 0x81ca80, 0xc4206604c0)
        /usr/lib/go/src/net/http/httputil/reverseproxy.go:154 +0xde
created by net/http/httputil.(*ReverseProxy).ServeHTTP
        /usr/lib/go/src/net/http/httputil/reverseproxy.go:153 +0xd39

goroutine 17763 [runnable]:
net.uitoa(0x7f, 0x10, 0x10)
        /usr/lib/go/src/net/parse.go:204 +0xcb
net.IP.String(0xc42070e70c, 0x10, 0x10, 0xa002a0, 0xc420348000)
        /usr/lib/go/src/net/ip.go:278 +0x3d4
net.ipEmptyString(0xc42070e70c, 0x10, 0x10, 0xa002a0, 0xc422845590)
        /usr/lib/go/src/net/ip.go:340 +0x56
net.(*TCPAddr).String(0xc4229429c0, 0x81ada0, 0xc4229429c0)
        /usr/lib/go/src/net/tcpsock.go:32 +0x4d
net/http.(*conn).serve(0xc4241e68c0, 0x81cb40, 0xc42014e420)
        /usr/lib/go/src/net/http/server.go:1720 +0x60
created by net/http.(*Server).Serve
        /usr/lib/go/src/net/http/server.go:2795 +0x27b

goroutine 17683 [select]:
net/http/httputil.(*ReverseProxy).ServeHTTP.func1(0xc4203785b0, 0xc424ddf2f0, 0x81ca80, 0xc4216a85c0)
        /usr/lib/go/src/net/http/httputil/reverseproxy.go:154 +0xde
created by net/http/httputil.(*ReverseProxy).ServeHTTP
        /usr/lib/go/src/net/http/httputil/reverseproxy.go:153 +0xd39

goroutine 17580 [chan receive]:
net/http.(*persistConn).readLoop.func4(0x819220, 0xc420010050, 0xc42034bfc0, 0xc421e286c8)
        /usr/lib/go/src/net/http/transport.go:1689 +0xe4
net/http.(*bodyEOFSignal).condfn(0xc4216a8640, 0x819220, 0xc420010050, 0x8000, 0x12)
        /usr/lib/go/src/net/http/transport.go:2218 +0x50
net/http.(*bodyEOFSignal).Read(0xc4216a8640, 0xc4218a6000, 0x8000, 0x8000, 0x12,0x819220, 0xc420010050)
        /usr/lib/go/src/net/http/transport.go:2194 +0x181
net/http/httputil.(*ReverseProxy).copyBuffer(0xc420301040, 0x7fbe34f13000, 0xc422d65c80, 0x8195a0, 0xc4216a8640, 0xc4218a6000, 0x8000, 0x8000, 0xc8, 0xc423c93620, ...)
        /usr/lib/go/src/net/http/httputil/reverseproxy.go:295 +0xa7
net/http/httputil.(*ReverseProxy).copyResponse(0xc420301040, 0x7fbe34f13000, 0xc422d65c80, 0x8195a0, 0xc4216a8640)
        /usr/lib/go/src/net/http/httputil/reverseproxy.go:283 +0xb9
net/http/httputil.(*ReverseProxy).ServeHTTP(0xc420301040, 0x81c400, 0xc422d65c80, 0xc4259cac00)
        /usr/lib/go/src/net/http/httputil/reverseproxy.go:237 +0x6f3
main.main.func1(0x81c400, 0xc422d65c80, 0xc4259cac00)
        /home/m/Dropbox/projects/scarecrow/main.go:67 +0xf2
net/http.HandlerFunc.ServeHTTP(0xc4201520c0, 0x81c400, 0xc422d65c80, 0xc4259cac00)
        /usr/lib/go/src/net/http/server.go:1947 +0x44
github.com/go-chi/chi.(*Mux).routeHTTP(0xc42014c0c0, 0x81c400, 0xc422d65c80, 0xc4259cac00)
        /home/m/.go/src/github.com/go-chi/chi/mux.go:424 +0x289
github.com/go-chi/chi.(*Mux).(github.com/go-chi/chi.routeHTTP)-fm(0x81c400, 0xc422d65c80, 0xc4259cac00)
        /home/m/.go/src/github.com/go-chi/chi/mux.go:368 +0x48
net/http.HandlerFunc.ServeHTTP(0xc4201520d0, 0x81c400, 0xc422d65c80, 0xc4259cac00)
        /usr/lib/go/src/net/http/server.go:1947 +0x44
main.RateCouterMiddleware.func1(0x81c400, 0xc422d65c80, 0xc4259cac00)
        /home/m/Dropbox/projects/scarecrow/main.go:25 +0x51
net/http.HandlerFunc.ServeHTTP(0xc4201720c0, 0x81c400, 0xc422d65c80, 0xc4259cac00)
        /usr/lib/go/src/net/http/server.go:1947 +0x44
github.com/go-chi/chi/middleware.Timeout.func1.1(0x81c400, 0xc422d65c80, 0xc4259ca800)
        /home/m/.go/src/github.com/go-chi/chi/middleware/timeout.go:44 +0xfe
net/http.HandlerFunc.ServeHTTP(0xc4201720e0, 0x81c400, 0xc422d65c80, 0xc4259ca800)
        /usr/lib/go/src/net/http/server.go:1947 +0x44
github.com/go-chi/chi/middleware.Compress.func1.1(0x7fbe35018050, 0xc422d65c40, 0xc4259ca800)
        /home/m/.go/src/github.com/go-chi/chi/middleware/compress.go:66 +0x155
net/http.HandlerFunc.ServeHTTP(0xc42014e210, 0x7fbe35018050, 0xc422d65c40, 0xc4259ca800)
        /usr/lib/go/src/net/http/server.go:1947 +0x44
github.com/go-chi/chi/middleware.Heartbeat.func1.1(0x7fbe35018050, 0xc422d65c40,0xc4259ca800)
        /home/m/.go/src/github.com/go-chi/chi/middleware/heartbeat.go:21 +0x7c
net/http.HandlerFunc.ServeHTTP(0xc42014e240, 0x7fbe35018050, 0xc422d65c40, 0xc4259ca800)
        /usr/lib/go/src/net/http/server.go:1947 +0x44
github.com/go-chi/chi/middleware.Recoverer.func1(0x7fbe35018050, 0xc422d65c40, 0xc4259ca800)
        /home/m/.go/src/github.com/go-chi/chi/middleware/recoverer.go:35 +0x9f
net/http.HandlerFunc.ServeHTTP(0xc420172100, 0x7fbe35018050, 0xc422d65c40, 0xc4259ca800)
        /usr/lib/go/src/net/http/server.go:1947 +0x44
github.com/go-chi/chi/middleware.RequestLogger.func1.1(0x81c700, 0xc423c162a0, 0xc4259ca000)
        /home/m/.go/src/github.com/go-chi/chi/middleware/logger.go:46 +0x1b6
net/http.HandlerFunc.ServeHTTP(0xc42014e270, 0x81c700, 0xc423c162a0, 0xc4259ca000)
        /usr/lib/go/src/net/http/server.go:1947 +0x44
github.com/go-chi/chi.(*Mux).ServeHTTP(0xc42014c0c0, 0x81c700, 0xc423c162a0, 0xc424fb9f00)
        /home/m/.go/src/github.com/go-chi/chi/mux.go:81 +0x221
net/http.serverHandler.ServeHTTP(0xc42016e270, 0x81c700, 0xc423c162a0, 0xc424fb9f00)
        /usr/lib/go/src/net/http/server.go:2694 +0xbc
net/http.(*conn).serve(0xc4241e6fa0, 0x81ca80, 0xc422d65b40)
        /usr/lib/go/src/net/http/server.go:1830 +0x651
created by net/http.(*Server).Serve
        /usr/lib/go/src/net/http/server.go:2795 +0x27b

goroutine 17183 [IO wait]:
internal/poll.runtime_pollWait(0x7fbe350177b0, 0x72, 0xc422843e58)
        /usr/lib/go/src/runtime/netpoll.go:173 +0x57
internal/poll.(*pollDesc).wait(0xc420bc2b18, 0x72, 0xffffffffffffff00, 0x81a300,0x9a5690)
        /usr/lib/go/src/internal/poll/fd_poll_runtime.go:85 +0x9b
internal/poll.(*pollDesc).waitRead(0xc420bc2b18, 0xc42014e400, 0x1, 0x1)
        /usr/lib/go/src/internal/poll/fd_poll_runtime.go:90 +0x3d
internal/poll.(*FD).Read(0xc420bc2b00, 0xc42014e461, 0x1, 0x1, 0x0, 0x0, 0x0)
        /usr/lib/go/src/internal/poll/fd_unix.go:157 +0x17d
net.(*netFD).Read(0xc420bc2b00, 0xc42014e461, 0x1, 0x1, 0xc42029f7a0, 0x0, 0xc420301398)
        /usr/lib/go/src/net/fd_unix.go:202 +0x4f
net.(*conn).Read(0xc420c920a0, 0xc42014e461, 0x1, 0x1, 0x0, 0x0, 0x0)
        /usr/lib/go/src/net/net.go:176 +0x6a
net/http.(*connReader).backgroundRead(0xc42014e450)
        /usr/lib/go/src/net/http/server.go:668 +0x5a
created by net/http.(*connReader).startBackgroundRead
        /usr/lib/go/src/net/http/server.go:664 +0xce

goroutine 17535 [select]:
net/http/httputil.(*ReverseProxy).ServeHTTP.func1(0xc422908690, 0xc420011d30, 0x81ca80, 0xc4202b08c0)
        /usr/lib/go/src/net/http/httputil/reverseproxy.go:154 +0xde
created by net/http/httputil.(*ReverseProxy).ServeHTTP
        /usr/lib/go/src/net/http/httputil/reverseproxy.go:153 +0xd39

goroutine 17783 [runnable]:
net.uitoa(0x7f, 0x10, 0x10)
        /usr/lib/go/src/net/parse.go:204 +0xcb
net.IP.String(0xc424fb728c, 0x10, 0x10, 0xa002a0, 0xc4207c2508)
        /usr/lib/go/src/net/ip.go:278 +0x3d4
net.ipEmptyString(0xc424fb728c, 0x10, 0x10, 0xa002a0, 0xc4207c2590)
        /usr/lib/go/src/net/ip.go:340 +0x56
net.(*TCPAddr).String(0xc420290840, 0x81ada0, 0xc420290840)
        /usr/lib/go/src/net/tcpsock.go:32 +0x4d
net/http.(*conn).serve(0xc422b8f7c0, 0x81cb40, 0xc42014e420)
        /usr/lib/go/src/net/http/server.go:1720 +0x60
created by net/http.(*Server).Serve
        /usr/lib/go/src/net/http/server.go:2795 +0x27b

goroutine 17663 [IO wait]:
internal/poll.runtime_pollWait(0x7fbe35018950, 0x72, 0xc420397658)
        /usr/lib/go/src/runtime/netpoll.go:173 +0x57
internal/poll.(*pollDesc).wait(0xc423bbc198, 0x72, 0xffffffffffffff00, 0x81a300,0x9a5690)
        /usr/lib/go/src/internal/poll/fd_poll_runtime.go:85 +0x9b
internal/poll.(*pollDesc).waitRead(0xc423bbc198, 0xc420097c00, 0x1, 0x1)
        /usr/lib/go/src/internal/poll/fd_poll_runtime.go:90 +0x3d
internal/poll.(*FD).Read(0xc423bbc180, 0xc420097c01, 0x1, 0x1, 0x0, 0x0, 0x0)
        /usr/lib/go/src/internal/poll/fd_unix.go:157 +0x17d
net.(*netFD).Read(0xc423bbc180, 0xc420097c01, 0x1, 0x1, 0xc420493680, 0x0, 0x20002)
        /usr/lib/go/src/net/fd_unix.go:202 +0x4f
net.(*conn).Read(0xc420166018, 0xc420097c01, 0x1, 0x1, 0x0, 0x0, 0x0)
        /usr/lib/go/src/net/net.go:176 +0x6a
net/http.(*connReader).backgroundRead(0xc420097bf0)
        /usr/lib/go/src/net/http/server.go:668 +0x5a
created by net/http.(*connReader).startBackgroundRead
        /usr/lib/go/src/net/http/server.go:664 +0xce

goroutine 17201 [select]:
net/http.(*persistConn).writeLoop(0xc42151a120)
        /usr/lib/go/src/net/http/transport.go:1822 +0x14b
created by net/http.(*Transport).dialConn
        /usr/lib/go/src/net/http/transport.go:1238 +0x97f

goroutine 16921 [semacquire]:
sync.runtime_SemacquireMutex(0x9da5e4, 0xc420712d00)
        /usr/lib/go/src/runtime/sema.go:71 +0x3d
sync.(*Mutex).Lock(0x9da5e0)
        /usr/lib/go/src/sync/mutex.go:134 +0x108
net/http.(*Transport).tryPutIdleConn(0x9da5e0, 0xc42151a6c0, 0x0, 0x0)
        /usr/lib/go/src/net/http/transport.go:715 +0x103
net/http.(*persistConn).readLoop.func2(0x0, 0xc424fb8c01)
        /usr/lib/go/src/net/http/transport.go:1574 +0x40
net/http.(*persistConn).readLoop(0xc42151a6c0)
        /usr/lib/go/src/net/http/transport.go:1724 +0x8db
created by net/http.(*Transport).dialConn
        /usr/lib/go/src/net/http/transport.go:1237 +0x95a

goroutine 17738 [runnable]:
net.uitoa(0x7f, 0x10, 0x10)
        /usr/lib/go/src/net/parse.go:204 +0xcb
net.IP.String(0xc4235d63cc, 0x10, 0x10, 0x2, 0x0)
        /usr/lib/go/src/net/ip.go:278 +0x3d4
net.ipEmptyString(0xc4235d63cc, 0x10, 0x10, 0x0, 0x7fbe35061388)
        /usr/lib/go/src/net/ip.go:340 +0x56
net.(*TCPAddr).String(0xc420368cf0, 0x81ada0, 0xc420368cf0)
        /usr/lib/go/src/net/tcpsock.go:32 +0x4d
net/http.(*conn).serve(0xc4221d06e0, 0x81cb40, 0xc42014e420)
        /usr/lib/go/src/net/http/server.go:1720 +0x60
created by net/http.(*Server).Serve
        /usr/lib/go/src/net/http/server.go:2795 +0x27b

goroutine 17587 [IO wait]:
internal/poll.runtime_pollWait(0x7fbe34fd7820, 0x72, 0xc4216afe58)
        /usr/lib/go/src/runtime/netpoll.go:173 +0x57
internal/poll.(*pollDesc).wait(0xc420162318, 0x72, 0xffffffffffffff00, 0x81a300,0x9a5690)
        /usr/lib/go/src/internal/poll/fd_poll_runtime.go:85 +0x9b
internal/poll.(*pollDesc).waitRead(0xc420162318, 0xc420369200, 0x1, 0x1)
        /usr/lib/go/src/internal/poll/fd_poll_runtime.go:90 +0x3d
internal/poll.(*FD).Read(0xc420162300, 0xc420369211, 0x1, 0x1, 0x0, 0x0, 0x0)
        /usr/lib/go/src/internal/poll/fd_unix.go:157 +0x17d
net.(*netFD).Read(0xc420162300, 0xc420369211, 0x1, 0x1, 0xc4216affa8, 0x56000e, 0x0)
        /usr/lib/go/src/net/fd_unix.go:202 +0x4f
net.(*conn).Read(0xc421076100, 0xc420369211, 0x1, 0x1, 0x0, 0x0, 0x0)
        /usr/lib/go/src/net/net.go:176 +0x6a
net/http.(*connReader).backgroundRead(0xc420369200)
        /usr/lib/go/src/net/http/server.go:668 +0x5a
created by net/http.(*connReader).startBackgroundRead
        /usr/lib/go/src/net/http/server.go:664 +0xce

goroutine 17161 [IO wait]:
internal/poll.runtime_pollWait(0x7fbe35017a20, 0x72, 0xc4207c6658)
        /usr/lib/go/src/runtime/netpoll.go:173 +0x57
internal/poll.(*pollDesc).wait(0xc420162118, 0x72, 0xffffffffffffff00, 0x81a300,0x9a5690)
        /usr/lib/go/src/internal/poll/fd_poll_runtime.go:85 +0x9b
internal/poll.(*pollDesc).waitRead(0xc420162118, 0xc42037ab00, 0x1, 0x1)
        /usr/lib/go/src/internal/poll/fd_poll_runtime.go:90 +0x3d
internal/poll.(*FD).Read(0xc420162100, 0xc42037ab51, 0x1, 0x1, 0x0, 0x0, 0x0)
        /usr/lib/go/src/internal/poll/fd_unix.go:157 +0x17d
net.(*netFD).Read(0xc420162100, 0xc42037ab51, 0x1, 0x1, 0xc4207c67ac, 0xc4207c67a8, 0x0)
        /usr/lib/go/src/net/fd_unix.go:202 +0x4f
net.(*conn).Read(0xc4210760e8, 0xc42037ab51, 0x1, 0x1, 0x0, 0x0, 0x0)
        /usr/lib/go/src/net/net.go:176 +0x6a
net/http.(*connReader).backgroundRead(0xc42037ab40)
        /usr/lib/go/src/net/http/server.go:668 +0x5a
created by net/http.(*connReader).startBackgroundRead
        /usr/lib/go/src/net/http/server.go:664 +0xce

goroutine 17753 [semacquire]:
sync.runtime_SemacquireMutex(0x9da5e4, 0x0)
        /usr/lib/go/src/runtime/sema.go:71 +0x3d
sync.(*Mutex).Lock(0x9da5e0)
        /usr/lib/go/src/sync/mutex.go:134 +0x108
net/http.(*Transport).getIdleConn(0x9da5e0, 0x0, 0x7d0f7c, 0x4, 0xc42065a5f0, 0xe, 0x0, 0x0, 0x0, 0x0)
        /usr/lib/go/src/net/http/transport.go:791 +0x96
net/http.(*Transport).getConn(0x9da5e0, 0xc42068a990, 0x0, 0x7d0f7c, 0x4, 0xc42065a5f0, 0xe, 0x0, 0x0, 0x0)
        /usr/lib/go/src/net/http/transport.go:921 +0x11d
net/http.(*Transport).RoundTrip(0x9da5e0, 0xc4206b4100, 0xf, 0xc4203562b0, 0x9)
        /usr/lib/go/src/net/http/transport.go:409 +0x632
net/http/httputil.(*ReverseProxy).ServeHTTP(0xc422d647c0, 0x81c400, 0xc420d53b40, 0xc4259caf00)
        /usr/lib/go/src/net/http/httputil/reverseproxy.go:193 +0x2b5
main.main.func1(0x81c400, 0xc420d53b40, 0xc4259caf00)
        /home/m/Dropbox/projects/scarecrow/main.go:67 +0xf2
net/http.HandlerFunc.ServeHTTP(0xc4201520c0, 0x81c400, 0xc420d53b40, 0xc4259caf00)
        /usr/lib/go/src/net/http/server.go:1947 +0x44
github.com/go-chi/chi.(*Mux).routeHTTP(0xc42014c0c0, 0x81c400, 0xc420d53b40, 0xc4259caf00)
        /home/m/.go/src/github.com/go-chi/chi/mux.go:424 +0x289
github.com/go-chi/chi.(*Mux).(github.com/go-chi/chi.routeHTTP)-fm(0x81c400, 0xc420d53b40, 0xc4259caf00)
        /home/m/.go/src/github.com/go-chi/chi/mux.go:368 +0x48
net/http.HandlerFunc.ServeHTTP(0xc4201520d0, 0x81c400, 0xc420d53b40, 0xc4259caf00)
        /usr/lib/go/src/net/http/server.go:1947 +0x44
main.RateCouterMiddleware.func1(0x81c400, 0xc420d53b40, 0xc4259caf00)
        /home/m/Dropbox/projects/scarecrow/main.go:25 +0x51
net/http.HandlerFunc.ServeHTTP(0xc4201720c0, 0x81c400, 0xc420d53b40, 0xc4259caf00)
        /usr/lib/go/src/net/http/server.go:1947 +0x44
github.com/go-chi/chi/middleware.Timeout.func1.1(0x81c400, 0xc420d53b40, 0xc4259cae00)
        /home/m/.go/src/github.com/go-chi/chi/middleware/timeout.go:44 +0xfe
net/http.HandlerFunc.ServeHTTP(0xc4201720e0, 0x81c400, 0xc420d53b40, 0xc4259cae00)
        /usr/lib/go/src/net/http/server.go:1947 +0x44
github.com/go-chi/chi/middleware.Compress.func1.1(0x7fbe35018050, 0xc420d53a80, 0xc4259cae00)
        /home/m/.go/src/github.com/go-chi/chi/middleware/compress.go:66 +0x155
net/http.HandlerFunc.ServeHTTP(0xc42014e210, 0x7fbe35018050, 0xc420d53a80, 0xc4259cae00)
        /usr/lib/go/src/net/http/server.go:1947 +0x44
github.com/go-chi/chi/middleware.Heartbeat.func1.1(0x7fbe35018050, 0xc420d53a80,0xc4259cae00)
        /home/m/.go/src/github.com/go-chi/chi/middleware/heartbeat.go:21 +0x7c
net/http.HandlerFunc.ServeHTTP(0xc42014e240, 0x7fbe35018050, 0xc420d53a80, 0xc4259cae00)
        /usr/lib/go/src/net/http/server.go:1947 +0x44
github.com/go-chi/chi/middleware.Recoverer.func1(0x7fbe35018050, 0xc420d53a80, 0xc4259cae00)
        /home/m/.go/src/github.com/go-chi/chi/middleware/recoverer.go:35 +0x9f
net/http.HandlerFunc.ServeHTTP(0xc420172100, 0x7fbe35018050, 0xc420d53a80, 0xc4259cae00)
        /usr/lib/go/src/net/http/server.go:1947 +0x44
github.com/go-chi/chi/middleware.RequestLogger.func1.1(0x81c700, 0xc423c16460, 0xc4259ca400)
        /home/m/.go/src/github.com/go-chi/chi/middleware/logger.go:46 +0x1b6
net/http.HandlerFunc.ServeHTTP(0xc42014e270, 0x81c700, 0xc423c16460, 0xc4259ca400)
        /usr/lib/go/src/net/http/server.go:1947 +0x44
github.com/go-chi/chi.(*Mux).ServeHTTP(0xc42014c0c0, 0x81c700, 0xc423c16460, 0xc4216b8100)
        /home/m/.go/src/github.com/go-chi/chi/mux.go:81 +0x221
net/http.serverHandler.ServeHTTP(0xc42016e270, 0x81c700, 0xc423c16460, 0xc4216b8100)
        /usr/lib/go/src/net/http/server.go:2694 +0xbc
net/http.(*conn).serve(0xc422b8f180, 0x81ca80, 0xc420d53380)
        /usr/lib/go/src/net/http/server.go:1830 +0x651
created by net/http.(*Server).Serve
        /usr/lib/go/src/net/http/server.go:2795 +0x27b

goroutine 17472 [select]:
net/http.(*persistConn).writeLoop(0xc42223e120)
        /usr/lib/go/src/net/http/transport.go:1822 +0x14b
created by net/http.(*Transport).dialConn
        /usr/lib/go/src/net/http/transport.go:1238 +0x97f

goroutine 17351 [chan receive]:
net/http.(*Transport).getConn.func2.1(0xc422e80600, 0x9da5e0, 0x7ed430)
        /usr/lib/go/src/net/http/transport.go:946 +0x46
created by net/http.(*Transport).getConn.func2
        /usr/lib/go/src/net/http/transport.go:945 +0x7a

goroutine 17249 [IO wait]:
internal/poll.runtime_pollWait(0x7fbe35018af0, 0x72, 0xc422248658)
        /usr/lib/go/src/runtime/netpoll.go:173 +0x57
internal/poll.(*pollDesc).wait(0xc42059cc98, 0x72, 0xffffffffffffff00, 0x81a300,0x9a5690)
        /usr/lib/go/src/internal/poll/fd_poll_runtime.go:85 +0x9b
internal/poll.(*pollDesc).waitRead(0xc42059cc98, 0xc421e2e100, 0x1, 0x1)
        /usr/lib/go/src/internal/poll/fd_poll_runtime.go:90 +0x3d
internal/poll.(*FD).Read(0xc42059cc80, 0xc421e2e1f1, 0x1, 0x1, 0x0, 0x0, 0x0)
        /usr/lib/go/src/internal/poll/fd_unix.go:157 +0x17d
net.(*netFD).Read(0xc42059cc80, 0xc421e2e1f1, 0x1, 0x1, 0x20002, 0xc4222487b4, 0xc4222487b0)
        /usr/lib/go/src/net/fd_unix.go:202 +0x4f
net.(*conn).Read(0xc421076020, 0xc421e2e1f1, 0x1, 0x1, 0x0, 0x0, 0x0)
        /usr/lib/go/src/net/net.go:176 +0x6a
net/http.(*connReader).backgroundRead(0xc421e2e1e0)
        /usr/lib/go/src/net/http/server.go:668 +0x5a
created by net/http.(*connReader).startBackgroundRead
        /usr/lib/go/src/net/http/server.go:664 +0xce

goroutine 17181 [IO wait]:
internal/poll.runtime_pollWait(0x7fbe35018a20, 0x72, 0xc4205c8658)
        /usr/lib/go/src/runtime/netpoll.go:173 +0x57
internal/poll.(*pollDesc).wait(0xc420bc2c18, 0x72, 0xffffffffffffff00, 0x81a300,0x9a5690)
        /usr/lib/go/src/internal/poll/fd_poll_runtime.go:85 +0x9b
internal/poll.(*pollDesc).waitRead(0xc420bc2c18, 0xc420aa3900, 0x1, 0x1)
        /usr/lib/go/src/internal/poll/fd_poll_runtime.go:90 +0x3d
internal/poll.(*FD).Read(0xc420bc2c00, 0xc420aa39c1, 0x1, 0x1, 0x0, 0x0, 0x0)
        /usr/lib/go/src/internal/poll/fd_unix.go:157 +0x17d
net.(*netFD).Read(0xc420bc2c00, 0xc420aa39c1, 0x1, 0x1, 0x9da5e0, 0x81ca80, 0xc420699d80)
        /usr/lib/go/src/net/fd_unix.go:202 +0x4f
net.(*conn).Read(0xc420c920b0, 0xc420aa39c1, 0x1, 0x1, 0x0, 0x0, 0x0)
        /usr/lib/go/src/net/net.go:176 +0x6a
net/http.(*connReader).backgroundRead(0xc420aa39b0)
        /usr/lib/go/src/net/http/server.go:668 +0x5a
created by net/http.(*connReader).startBackgroundRead
        /usr/lib/go/src/net/http/server.go:664 +0xce

goroutine 17304 [semacquire]:
sync.runtime_SemacquireMutex(0x9da5e4, 0x0)
        /usr/lib/go/src/runtime/sema.go:71 +0x3d
sync.(*Mutex).Lock(0x9da5e0)
        /usr/lib/go/src/sync/mutex.go:134 +0x108
net/http.(*Transport).getIdleConn(0x9da5e0, 0x0, 0x7d0f7c, 0x4, 0xc422966570, 0xe, 0x0, 0x0, 0x0, 0x0)
        /usr/lib/go/src/net/http/transport.go:791 +0x96
net/http.(*Transport).getConn(0x9da5e0, 0xc4202e25d0, 0x0, 0x7d0f7c, 0x4, 0xc422966570, 0xe, 0x0, 0x0, 0x0)
        /usr/lib/go/src/net/http/transport.go:921 +0x11d
net/http.(*Transport).RoundTrip(0x9da5e0, 0xc4202bc600, 0xf, 0xc422966370, 0x9)
        /usr/lib/go/src/net/http/transport.go:409 +0x632
net/http/httputil.(*ReverseProxy).ServeHTTP(0xc42038ab00, 0x81c400, 0xc42038aac0, 0xc4202bc500)
        /usr/lib/go/src/net/http/httputil/reverseproxy.go:193 +0x2b5
main.main.func1(0x81c400, 0xc42038aac0, 0xc4202bc500)
        /home/m/Dropbox/projects/scarecrow/main.go:67 +0xf2
net/http.HandlerFunc.ServeHTTP(0xc4201520c0, 0x81c400, 0xc42038aac0, 0xc4202bc500)
        /usr/lib/go/src/net/http/server.go:1947 +0x44
github.com/go-chi/chi.(*Mux).routeHTTP(0xc42014c0c0, 0x81c400, 0xc42038aac0, 0xc4202bc500)
        /home/m/.go/src/github.com/go-chi/chi/mux.go:424 +0x289
github.com/go-chi/chi.(*Mux).(github.com/go-chi/chi.routeHTTP)-fm(0x81c400, 0xc42038aac0, 0xc4202bc500)
        /home/m/.go/src/github.com/go-chi/chi/mux.go:368 +0x48
net/http.HandlerFunc.ServeHTTP(0xc4201520d0, 0x81c400, 0xc42038aac0, 0xc4202bc500)
        /usr/lib/go/src/net/http/server.go:1947 +0x44
main.RateCouterMiddleware.func1(0x81c400, 0xc42038aac0, 0xc4202bc500)
        /home/m/Dropbox/projects/scarecrow/main.go:25 +0x51
net/http.HandlerFunc.ServeHTTP(0xc4201720c0, 0x81c400, 0xc42038aac0, 0xc4202bc500)
        /usr/lib/go/src/net/http/server.go:1947 +0x44
github.com/go-chi/chi/middleware.Timeout.func1.1(0x81c400, 0xc42038aac0, 0xc4202bc400)
        /home/m/.go/src/github.com/go-chi/chi/middleware/timeout.go:44 +0xfe
net/http.HandlerFunc.ServeHTTP(0xc4201720e0, 0x81c400, 0xc42038aac0, 0xc4202bc400)
        /usr/lib/go/src/net/http/server.go:1947 +0x44
github.com/go-chi/chi/middleware.Compress.func1.1(0x7fbe35018050, 0xc42038aa80, 0xc4202bc400)
        /home/m/.go/src/github.com/go-chi/chi/middleware/compress.go:66 +0x155
net/http.HandlerFunc.ServeHTTP(0xc42014e210, 0x7fbe35018050, 0xc42038aa80, 0xc4202bc400)
        /usr/lib/go/src/net/http/server.go:1947 +0x44
github.com/go-chi/chi/middleware.Heartbeat.func1.1(0x7fbe35018050, 0xc42038aa80,0xc4202bc400)
        /home/m/.go/src/github.com/go-chi/chi/middleware/heartbeat.go:21 +0x7c
net/http.HandlerFunc.ServeHTTP(0xc42014e240, 0x7fbe35018050, 0xc42038aa80, 0xc4202bc400)
        /usr/lib/go/src/net/http/server.go:1947 +0x44
github.com/go-chi/chi/middleware.Recoverer.func1(0x7fbe35018050, 0xc42038aa80, 0xc4202bc400)
        /home/m/.go/src/github.com/go-chi/chi/middleware/recoverer.go:35 +0x9f
net/http.HandlerFunc.ServeHTTP(0xc420172100, 0x7fbe35018050, 0xc42038aa80, 0xc4202bc400)
        /usr/lib/go/src/net/http/server.go:1947 +0x44
github.com/go-chi/chi/middleware.RequestLogger.func1.1(0x81c700, 0xc424e3a460, 0xc4202bc300)
        /home/m/.go/src/github.com/go-chi/chi/middleware/logger.go:46 +0x1b6
net/http.HandlerFunc.ServeHTTP(0xc42014e270, 0x81c700, 0xc424e3a460, 0xc4202bc300)
        /usr/lib/go/src/net/http/server.go:1947 +0x44
github.com/go-chi/chi.(*Mux).ServeHTTP(0xc42014c0c0, 0x81c700, 0xc424e3a460, 0xc4202bc000)
        /home/m/.go/src/github.com/go-chi/chi/mux.go:81 +0x221
net/http.serverHandler.ServeHTTP(0xc42016e270, 0x81c700, 0xc424e3a460, 0xc4202bc000)
        /usr/lib/go/src/net/http/server.go:2694 +0xbc
net/http.(*conn).serve(0xc4241e6aa0, 0x81ca80, 0xc42038a300)
        /usr/lib/go/src/net/http/server.go:1830 +0x651
created by net/http.(*Server).Serve
        /usr/lib/go/src/net/http/server.go:2795 +0x27b

goroutine 17305 [chan receive]:
net/http.(*persistConn).readLoop.func4(0x819220, 0xc420010050, 0xc420661140, 0x1)
        /usr/lib/go/src/net/http/transport.go:1689 +0xe4
net/http.(*bodyEOFSignal).condfn(0xc4206fba80, 0x819220, 0xc420010050, 0x8000, 0x12)
        /usr/lib/go/src/net/http/transport.go:2218 +0x50
net/http.(*bodyEOFSignal).Read(0xc4206fba80, 0xc424e02000, 0x8000, 0x8000, 0x12,0x819220, 0xc420010050)
        /usr/lib/go/src/net/http/transport.go:2194 +0x181
net/http/httputil.(*ReverseProxy).copyBuffer(0xc4200745c0, 0x7fbe34f13000, 0xc420074100, 0x8195a0, 0xc4206fba80, 0xc424e02000, 0x8000, 0x8000, 0xc8, 0xc425547620, ...)
        /usr/lib/go/src/net/http/httputil/reverseproxy.go:295 +0xa7
net/http/httputil.(*ReverseProxy).copyResponse(0xc4200745c0, 0x7fbe34f13000, 0xc420074100, 0x8195a0, 0xc4206fba80)
        /usr/lib/go/src/net/http/httputil/reverseproxy.go:283 +0xb9
net/http/httputil.(*ReverseProxy).ServeHTTP(0xc4200745c0, 0x81c400, 0xc420074100, 0xc421513600)
        /usr/lib/go/src/net/http/httputil/reverseproxy.go:237 +0x6f3
main.main.func1(0x81c400, 0xc420074100, 0xc421513600)
        /home/m/Dropbox/projects/scarecrow/main.go:67 +0xf2
net/http.HandlerFunc.ServeHTTP(0xc4201520c0, 0x81c400, 0xc420074100, 0xc421513600)
        /usr/lib/go/src/net/http/server.go:1947 +0x44
github.com/go-chi/chi.(*Mux).routeHTTP(0xc42014c0c0, 0x81c400, 0xc420074100, 0xc421513600)
        /home/m/.go/src/github.com/go-chi/chi/mux.go:424 +0x289
github.com/go-chi/chi.(*Mux).(github.com/go-chi/chi.routeHTTP)-fm(0x81c400, 0xc420074100, 0xc421513600)
        /home/m/.go/src/github.com/go-chi/chi/mux.go:368 +0x48
net/http.HandlerFunc.ServeHTTP(0xc4201520d0, 0x81c400, 0xc420074100, 0xc421513600)
        /usr/lib/go/src/net/http/server.go:1947 +0x44
main.RateCouterMiddleware.func1(0x81c400, 0xc420074100, 0xc421513600)
        /home/m/Dropbox/projects/scarecrow/main.go:25 +0x51
net/http.HandlerFunc.ServeHTTP(0xc4201720c0, 0x81c400, 0xc420074100, 0xc421513600)
        /usr/lib/go/src/net/http/server.go:1947 +0x44
github.com/go-chi/chi/middleware.Timeout.func1.1(0x81c400, 0xc420074100, 0xc421513100)
        /home/m/.go/src/github.com/go-chi/chi/middleware/timeout.go:44 +0xfe
net/http.HandlerFunc.ServeHTTP(0xc4201720e0, 0x81c400, 0xc420074100, 0xc421513100)
        /usr/lib/go/src/net/http/server.go:1947 +0x44
github.com/go-chi/chi/middleware.Compress.func1.1(0x7fbe35018050, 0xc4206615c0, 0xc421513100)
        /home/m/.go/src/github.com/go-chi/chi/middleware/compress.go:66 +0x155
net/http.HandlerFunc.ServeHTTP(0xc42014e210, 0x7fbe35018050, 0xc4206615c0, 0xc421513100)
        /usr/lib/go/src/net/http/server.go:1947 +0x44
github.com/go-chi/chi/middleware.Heartbeat.func1.1(0x7fbe35018050, 0xc4206615c0,0xc421513100)
        /home/m/.go/src/github.com/go-chi/chi/middleware/heartbeat.go:21 +0x7c
net/http.HandlerFunc.ServeHTTP(0xc42014e240, 0x7fbe35018050, 0xc4206615c0, 0xc421513100)
        /usr/lib/go/src/net/http/server.go:1947 +0x44
github.com/go-chi/chi/middleware.Recoverer.func1(0x7fbe35018050, 0xc4206615c0, 0xc421513100)
        /home/m/.go/src/github.com/go-chi/chi/middleware/recoverer.go:35 +0x9f
net/http.HandlerFunc.ServeHTTP(0xc420172100, 0x7fbe35018050, 0xc4206615c0, 0xc421513100)
        /usr/lib/go/src/net/http/server.go:1947 +0x44
github.com/go-chi/chi/middleware.RequestLogger.func1.1(0x81c700, 0xc42293c000, 0xc421512b00)
        /home/m/.go/src/github.com/go-chi/chi/middleware/logger.go:46 +0x1b6
net/http.HandlerFunc.ServeHTTP(0xc42014e270, 0x81c700, 0xc42293c000, 0xc421512b00)
        /usr/lib/go/src/net/http/server.go:1947 +0x44
github.com/go-chi/chi.(*Mux).ServeHTTP(0xc42014c0c0, 0x81c700, 0xc42293c000, 0xc421512000)
        /home/m/.go/src/github.com/go-chi/chi/mux.go:81 +0x221
net/http.serverHandler.ServeHTTP(0xc42016e270, 0x81c700, 0xc42293c000, 0xc421512000)
        /usr/lib/go/src/net/http/server.go:2694 +0xbc
net/http.(*conn).serve(0xc4241e6b40, 0x81ca80, 0xc420660540)
        /usr/lib/go/src/net/http/server.go:1830 +0x651
created by net/http.(*Server).Serve
        /usr/lib/go/src/net/http/server.go:2795 +0x27b

goroutine 17270 [IO wait]:
internal/poll.runtime_pollWait(0x7fbe34fd7410, 0x72, 0xc421a33658)
        /usr/lib/go/src/runtime/netpoll.go:173 +0x57
internal/poll.(*pollDesc).wait(0xc423c19c98, 0x72, 0xffffffffffffff00, 0x81a300,0x9a5690)
        /usr/lib/go/src/internal/poll/fd_poll_runtime.go:85 +0x9b
internal/poll.(*pollDesc).waitRead(0xc423c19c98, 0xc420be0a00, 0x1, 0x1)
        /usr/lib/go/src/internal/poll/fd_poll_runtime.go:90 +0x3d
internal/poll.(*FD).Read(0xc423c19c80, 0xc420be0a31, 0x1, 0x1, 0x0, 0x0, 0x0)
        /usr/lib/go/src/internal/poll/fd_unix.go:157 +0x17d
net.(*netFD).Read(0xc423c19c80, 0xc420be0a31, 0x1, 0x1, 0x9da5e0, 0x81ca80, 0xc42028c0c0)
        /usr/lib/go/src/net/fd_unix.go:202 +0x4f
net.(*conn).Read(0xc4201ce070, 0xc420be0a31, 0x1, 0x1, 0x0, 0x0, 0x0)
        /usr/lib/go/src/net/net.go:176 +0x6a
net/http.(*connReader).backgroundRead(0xc420be0a20)
        /usr/lib/go/src/net/http/server.go:668 +0x5a
created by net/http.(*connReader).startBackgroundRead
        /usr/lib/go/src/net/http/server.go:664 +0xce

goroutine 17747 [runnable]:
net.uitoa(0x804e, 0x578e46, 0xc424fb6a8c)
        /usr/lib/go/src/net/parse.go:204 +0xcb
net.itoa(0x804e, 0x10, 0x10)
        /usr/lib/go/src/net/parse.go:186 +0x94
net.(*TCPAddr).String(0xc420156d80, 0x81ada0, 0xc420156d80)
        /usr/lib/go/src/net/tcpsock.go:36 +0x13e
net/http.(*conn).serve(0xc422b8edc0, 0x81cb40, 0xc42014e420)
        /usr/lib/go/src/net/http/server.go:1720 +0x60
created by net/http.(*Server).Serve
        /usr/lib/go/src/net/http/server.go:2795 +0x27b

goroutine 17132 [runnable]:
net.(*conn).Read(0xc42015e1d8, 0xc4201ca101, 0x1, 0x1, 0x0, 0x0, 0x0)
        /usr/lib/go/src/net/net.go:178 +0xb1
net/http.(*connReader).backgroundRead(0xc4201ca0f0)
        /usr/lib/go/src/net/http/server.go:668 +0x5a
created by net/http.(*connReader).startBackgroundRead
        /usr/lib/go/src/net/http/server.go:664 +0xce

goroutine 17810 [runnable]:
net/http.(*connReader).backgroundRead(0xc42014e8d0)
        /usr/lib/go/src/net/http/server.go:667
created by net/http.(*connReader).startBackgroundRead
        /usr/lib/go/src/net/http/server.go:664 +0xce

goroutine 17617 [IO wait]:
internal/poll.runtime_pollWait(0x7fbe303c6d00, 0x72, 0xc422d499a8)
        /usr/lib/go/src/runtime/netpoll.go:173 +0x57
internal/poll.(*pollDesc).wait(0xc4206a5b18, 0x72, 0xffffffffffffff00, 0x81a300,0x9a5690)
        /usr/lib/go/src/internal/poll/fd_poll_runtime.go:85 +0x9b
internal/poll.(*pollDesc).waitRead(0xc4206a5b18, 0xc420c2e000, 0x1000, 0x1000)
        /usr/lib/go/src/internal/poll/fd_poll_runtime.go:90 +0x3d
internal/poll.(*FD).Read(0xc4206a5b00, 0xc420c2e000, 0x1000, 0x1000, 0x0, 0x0, 0x0)
        /usr/lib/go/src/internal/poll/fd_unix.go:157 +0x17d
net.(*netFD).Read(0xc4206a5b00, 0xc420c2e000, 0x1000, 0x1000, 0xc422d49ab8, 0x41fbb6, 0xc4201dc360)
        /usr/lib/go/src/net/fd_unix.go:202 +0x4f
net.(*conn).Read(0xc422bbc070, 0xc420c2e000, 0x1000, 0x1000, 0x0, 0x0, 0x0)
        /usr/lib/go/src/net/net.go:176 +0x6a
net/http.(*persistConn).Read(0xc42151afc0, 0xc420c2e000, 0x1000, 0x1000, 0x40, 0xc422d49b98, 0x42afb9)
        /usr/lib/go/src/net/http/transport.go:1453 +0x136
bufio.(*Reader).fill(0xc4218c3080)
        /usr/lib/go/src/bufio/bufio.go:100 +0x11e
bufio.(*Reader).Peek(0xc4218c3080, 0x1, 0xc4201dc360, 0xc42039a480, 0x4, 0x767e40, 0xa002a0)
        /usr/lib/go/src/bufio/bufio.go:132 +0x3a
net/http.(*persistConn).readLoop(0xc42151afc0)
        /usr/lib/go/src/net/http/transport.go:1601 +0x185
created by net/http.(*Transport).dialConn
        /usr/lib/go/src/net/http/transport.go:1237 +0x95a

goroutine 17292 [runnable]:
strings.genSplit(0xc42001ad50, 0xa, 0x7d0762, 0x1, 0x0, 0x1, 0xc, 0xc42001ad50, 0xa)
        /usr/lib/go/src/strings/strings.go:246 +0x6b
strings.Split(0xc42001ad50, 0xa, 0x7d0762, 0x1, 0xa, 0x0, 0xffffffffffffffff)
        /usr/lib/go/src/strings/strings.go:298 +0x5b
github.com/go-chi/chi/middleware.(*maybeCompressResponseWriter).WriteHeader(0xc420300bc0, 0xc8)
        /home/m/.go/src/github.com/go-chi/chi/middleware/compress.go:141 +0x151
net/http/httputil.(*ReverseProxy).ServeHTTP(0xc4202b0540, 0x81c400, 0xc420300bc0, 0xc42059b200)
        /usr/lib/go/src/net/http/httputil/reverseproxy.go:228 +0x639
main.main.func1(0x81c400, 0xc420300bc0, 0xc42059b200)
        /home/m/Dropbox/projects/scarecrow/main.go:67 +0xf2
net/http.HandlerFunc.ServeHTTP(0xc4201520c0, 0x81c400, 0xc420300bc0, 0xc42059b200)
        /usr/lib/go/src/net/http/server.go:1947 +0x44
github.com/go-chi/chi.(*Mux).routeHTTP(0xc42014c0c0, 0x81c400, 0xc420300bc0, 0xc42059b200)
        /home/m/.go/src/github.com/go-chi/chi/mux.go:424 +0x289
github.com/go-chi/chi.(*Mux).(github.com/go-chi/chi.routeHTTP)-fm(0x81c400, 0xc420300bc0, 0xc42059b200)
        /home/m/.go/src/github.com/go-chi/chi/mux.go:368 +0x48
net/http.HandlerFunc.ServeHTTP(0xc4201520d0, 0x81c400, 0xc420300bc0, 0xc42059b200)
        /usr/lib/go/src/net/http/server.go:1947 +0x44
main.RateCouterMiddleware.func1(0x81c400, 0xc420300bc0, 0xc42059b200)
        /home/m/Dropbox/projects/scarecrow/main.go:25 +0x51
net/http.HandlerFunc.ServeHTTP(0xc4201720c0, 0x81c400, 0xc420300bc0, 0xc42059b200)
        /usr/lib/go/src/net/http/server.go:1947 +0x44
github.com/go-chi/chi/middleware.Timeout.func1.1(0x81c400, 0xc420300bc0, 0xc42059b100)
        /home/m/.go/src/github.com/go-chi/chi/middleware/timeout.go:44 +0xfe
net/http.HandlerFunc.ServeHTTP(0xc4201720e0, 0x81c400, 0xc420300bc0, 0xc42059b100)
        /usr/lib/go/src/net/http/server.go:1947 +0x44
github.com/go-chi/chi/middleware.Compress.func1.1(0x7fbe35018050, 0xc420300b80, 0xc42059b100)
        /home/m/.go/src/github.com/go-chi/chi/middleware/compress.go:66 +0x155
net/http.HandlerFunc.ServeHTTP(0xc42014e210, 0x7fbe35018050, 0xc420300b80, 0xc42059b100)
        /usr/lib/go/src/net/http/server.go:1947 +0x44
github.com/go-chi/chi/middleware.Heartbeat.func1.1(0x7fbe35018050, 0xc420300b80,0xc42059b100)
        /home/m/.go/src/github.com/go-chi/chi/middleware/heartbeat.go:21 +0x7c
net/http.HandlerFunc.ServeHTTP(0xc42014e240, 0x7fbe35018050, 0xc420300b80, 0xc42059b100)
        /usr/lib/go/src/net/http/server.go:1947 +0x44
github.com/go-chi/chi/middleware.Recoverer.func1(0x7fbe35018050, 0xc420300b80, 0xc42059b100)
        /home/m/.go/src/github.com/go-chi/chi/middleware/recoverer.go:35 +0x9f
net/http.HandlerFunc.ServeHTTP(0xc420172100, 0x7fbe35018050, 0xc420300b80, 0xc42059b100)
        /usr/lib/go/src/net/http/server.go:1947 +0x44
github.com/go-chi/chi/middleware.RequestLogger.func1.1(0x81c700, 0xc422d147e0, 0xc42059b000)
        /home/m/.go/src/github.com/go-chi/chi/middleware/logger.go:46 +0x1b6
net/http.HandlerFunc.ServeHTTP(0xc42014e270, 0x81c700, 0xc422d147e0, 0xc42059b000)
        /usr/lib/go/src/net/http/server.go:1947 +0x44
github.com/go-chi/chi.(*Mux).ServeHTTP(0xc42014c0c0, 0x81c700, 0xc422d147e0, 0xc42059af00)
        /home/m/.go/src/github.com/go-chi/chi/mux.go:81 +0x221
net/http.serverHandler.ServeHTTP(0xc42016e270, 0x81c700, 0xc422d147e0, 0xc42059af00)
        /usr/lib/go/src/net/http/server.go:2694 +0xbc
net/http.(*conn).serve(0xc4221d01e0, 0x81ca80, 0xc420300a80)
        /usr/lib/go/src/net/http/server.go:1830 +0x651
created by net/http.(*Server).Serve
        /usr/lib/go/src/net/http/server.go:2795 +0x27b
exit status 2
